<ShowPlanXML xmlns="http://schemas.microsoft.com/sqlserver/2004/07/showplan" Version="1.1" Build="10.50.1617.0"><BatchSequence><Batch><Statements><StmtSimple StatementText="/*AGENT_DBX*/ /* tpc-ds -- start query 11 in stream 0 using template query43.tpl */ select top 100 s_store_name, s_store_id, sum(case when (d_day_name=&apos;sunday&apos;) then ss_sales_price else null end) sun_sales, sum(case when (d_day_name=&apos;monday&apos;) then ss_sales_price else null end) mon_sales, sum(case when (d_day_name=&apos;tuesday&apos;) then ss_sales_price else null end) tue_sales, sum(case when (d_day_name=&apos;wednesday&apos;) then ss_sales_price else null end) wed_sales, sum(case when (d_day_name=&apos;thursday&apos;) then ss_sales_price else null end) thu_sales, sum(case when (d_day_name=&apos;friday&apos;) then ss_sales_price else null end) fri_sales, sum(case when (d_day_name=&apos;saturday&apos;) then ss_sales_price else null end) sat_sales,  d_year,  s_gmt_offset,  ss_store_sk from date_dim, store_sales, store where  d_date_sk = ss_sold_date_sk and s_store_sk = ss_store_sk group by s_store_name, s_store_id,  d_year,  s_gmt_offset,  ss_store_sk order by s_store_name, s_store_id,sun_sales,mon_sales,tue_sales,wed_sales,thu_sales,fri_sales,sat_sales ;" StatementId="1" StatementCompId="1" StatementType="SELECT" StatementSubTreeCost="4739.02" StatementEstRows="100" StatementOptmLevel="FULL" QueryHash="0x51EF82B2AB274D05" QueryPlanHash="0x87C82E57344307D4"><StatementSetOptions QUOTED_IDENTIFIER="true" ARITHABORT="false" CONCAT_NULL_YIELDS_NULL="true" ANSI_NULLS="true" ANSI_PADDING="true" ANSI_WARNINGS="true" NUMERIC_ROUNDABORT="false"/><QueryPlan CachedPlanSize="224" CompileTime="33" CompileCPU="31" CompileMemory="2304"><RelOp NodeId="0" PhysicalOp="Top" LogicalOp="Top" EstimateRows="100" EstimateIO="0" EstimateCPU="1e-005" AvgRowSize="185" EstimatedTotalSubtreeCost="4739.02" Parallel="0" EstimateRebinds="0" EstimateRewinds="0"><OutputList><ColumnReference Database="[tpc_ds_100gb]" Schema="[dbo]" Table="[date_dim]" Column="d_year"/><ColumnReference Database="[tpc_ds_100gb]" Schema="[dbo]" Table="[store_sales]" Column="ss_store_sk"/><ColumnReference Database="[tpc_ds_100gb]" Schema="[dbo]" Table="[store]" Column="s_store_id"/><ColumnReference Database="[tpc_ds_100gb]" Schema="[dbo]" Table="[store]" Column="s_store_name"/><ColumnReference Database="[tpc_ds_100gb]" Schema="[dbo]" Table="[store]" Column="s_gmt_offset"/><ColumnReference Column="Expr1009"/><ColumnReference Column="Expr1010"/><ColumnReference Column="Expr1011"/><ColumnReference Column="Expr1012"/><ColumnReference Column="Expr1013"/><ColumnReference Column="Expr1014"/><ColumnReference Column="Expr1015"/></OutputList><Top RowCount="0" IsPercent="0" WithTies="0"><TopExpression><ScalarOperator ScalarString="(100)"><Const ConstValue="(100)"/></ScalarOperator></TopExpression><RelOp NodeId="1" PhysicalOp="Parallelism" LogicalOp="Gather Streams" EstimateRows="100" EstimateIO="0" EstimateCPU="0.0295091" AvgRowSize="185" EstimatedTotalSubtreeCost="4739.02" Parallel="1" EstimateRebinds="0" EstimateRewinds="0"><OutputList><ColumnReference Database="[tpc_ds_100gb]" Schema="[dbo]" Table="[date_dim]" Column="d_year"/><ColumnReference Database="[tpc_ds_100gb]" Schema="[dbo]" Table="[store_sales]" Column="ss_store_sk"/><ColumnReference Database="[tpc_ds_100gb]" Schema="[dbo]" Table="[store]" Column="s_store_id"/><ColumnReference Database="[tpc_ds_100gb]" Schema="[dbo]" Table="[store]" Column="s_store_name"/><ColumnReference Database="[tpc_ds_100gb]" Schema="[dbo]" Table="[store]" Column="s_gmt_offset"/><ColumnReference Column="Expr1009"/><ColumnReference Column="Expr1010"/><ColumnReference Column="Expr1011"/><ColumnReference Column="Expr1012"/><ColumnReference Column="Expr1013"/><ColumnReference Column="Expr1014"/><ColumnReference Column="Expr1015"/></OutputList><Parallelism><OrderBy><OrderByColumn Ascending="1"><ColumnReference Database="[tpc_ds_100gb]" Schema="[dbo]" Table="[store]" Column="s_store_name"/></OrderByColumn><OrderByColumn Ascending="1"><ColumnReference Database="[tpc_ds_100gb]" Schema="[dbo]" Table="[store]" Column="s_store_id"/></OrderByColumn><OrderByColumn Ascending="1"><ColumnReference Column="Expr1009"/></OrderByColumn><OrderByColumn Ascending="1"><ColumnReference Column="Expr1010"/></OrderByColumn><OrderByColumn Ascending="1"><ColumnReference Column="Expr1011"/></OrderByColumn><OrderByColumn Ascending="1"><ColumnReference Column="Expr1012"/></OrderByColumn><OrderByColumn Ascending="1"><ColumnReference Column="Expr1013"/></OrderByColumn><OrderByColumn Ascending="1"><ColumnReference Column="Expr1014"/></OrderByColumn><OrderByColumn Ascending="1"><ColumnReference Column="Expr1015"/></OrderByColumn></OrderBy><RelOp NodeId="2" PhysicalOp="Sort" LogicalOp="TopN Sort" EstimateRows="100" EstimateIO="0.00281532" EstimateCPU="0.393278" AvgRowSize="185" EstimatedTotalSubtreeCost="4739" Parallel="1" EstimateRebinds="0" EstimateRewinds="0"><OutputList><ColumnReference Database="[tpc_ds_100gb]" Schema="[dbo]" Table="[date_dim]" Column="d_year"/><ColumnReference Database="[tpc_ds_100gb]" Schema="[dbo]" Table="[store_sales]" Column="ss_store_sk"/><ColumnReference Database="[tpc_ds_100gb]" Schema="[dbo]" Table="[store]" Column="s_store_id"/><ColumnReference Database="[tpc_ds_100gb]" Schema="[dbo]" Table="[store]" Column="s_store_name"/><ColumnReference Database="[tpc_ds_100gb]" Schema="[dbo]" Table="[store]" Column="s_gmt_offset"/><ColumnReference Column="Expr1009"/><ColumnReference Column="Expr1010"/><ColumnReference Column="Expr1011"/><ColumnReference Column="Expr1012"/><ColumnReference Column="Expr1013"/><ColumnReference Column="Expr1014"/><ColumnReference Column="Expr1015"/></OutputList><MemoryFractions Input="0.000757576" Output="1"/><TopSort Distinct="0" Rows="100"><OrderBy><OrderByColumn Ascending="1"><ColumnReference Database="[tpc_ds_100gb]" Schema="[dbo]" Table="[store]" Column="s_store_name"/></OrderByColumn><OrderByColumn Ascending="1"><ColumnReference Database="[tpc_ds_100gb]" Schema="[dbo]" Table="[store]" Column="s_store_id"/></OrderByColumn><OrderByColumn Ascending="1"><ColumnReference Column="Expr1009"/></OrderByColumn><OrderByColumn Ascending="1"><ColumnReference Column="Expr1010"/></OrderByColumn><OrderByColumn Ascending="1"><ColumnReference Column="Expr1011"/></OrderByColumn><OrderByColumn Ascending="1"><ColumnReference Column="Expr1012"/></OrderByColumn><OrderByColumn Ascending="1"><ColumnReference Column="Expr1013"/></OrderByColumn><OrderByColumn Ascending="1"><ColumnReference Column="Expr1014"/></OrderByColumn><OrderByColumn Ascending="1"><ColumnReference Column="Expr1015"/></OrderByColumn></OrderBy><RelOp NodeId="4" PhysicalOp="Hash Match" LogicalOp="Inner Join" EstimateRows="29552.3" EstimateIO="0" EstimateCPU="0.12317" AvgRowSize="185" EstimatedTotalSubtreeCost="4738.6" Parallel="1" EstimateRebinds="0" EstimateRewinds="0"><OutputList><ColumnReference Database="[tpc_ds_100gb]" Schema="[dbo]" Table="[date_dim]" Column="d_year"/><ColumnReference Database="[tpc_ds_100gb]" Schema="[dbo]" Table="[store_sales]" Column="ss_store_sk"/><ColumnReference Database="[tpc_ds_100gb]" Schema="[dbo]" Table="[store]" Column="s_store_id"/><ColumnReference Database="[tpc_ds_100gb]" Schema="[dbo]" Table="[store]" Column="s_store_name"/><ColumnReference Database="[tpc_ds_100gb]" Schema="[dbo]" Table="[store]" Column="s_gmt_offset"/><ColumnReference Column="Expr1009"/><ColumnReference Column="Expr1010"/><ColumnReference Column="Expr1011"/><ColumnReference Column="Expr1012"/><ColumnReference Column="Expr1013"/><ColumnReference Column="Expr1014"/><ColumnReference Column="Expr1015"/></OutputList><MemoryFractions Input="0" Output="0"/><Hash><DefinedValues/><HashKeysBuild><ColumnReference Database="[tpc_ds_100gb]" Schema="[dbo]" Table="[store]" Column="s_store_sk"/></HashKeysBuild><HashKeysProbe><ColumnReference Database="[tpc_ds_100gb]" Schema="[dbo]" Table="[store_sales]" Column="ss_store_sk"/></HashKeysProbe><ProbeResidual><ScalarOperator ScalarString="[tpc_ds_100gb].[dbo].[store].[s_store_sk]=[tpc_ds_100gb].[dbo].[store_sales].[ss_store_sk]"><Compare CompareOp="EQ"><ScalarOperator><Identifier><ColumnReference Database="[tpc_ds_100gb]" Schema="[dbo]" Table="[store]" Column="s_store_sk"/></Identifier></ScalarOperator><ScalarOperator><Identifier><ColumnReference Database="[tpc_ds_100gb]" Schema="[dbo]" Table="[store_sales]" Column="ss_store_sk"/></Identifier></ScalarOperator></Compare></ScalarOperator></ProbeResidual><RelOp NodeId="5" PhysicalOp="Parallelism" LogicalOp="Repartition Streams" EstimateRows="402" EstimateIO="0" EstimateCPU="0.0292332" AvgRowSize="61" EstimatedTotalSubtreeCost="0.0436191" Parallel="1" EstimateRebinds="0" EstimateRewinds="0"><OutputList><ColumnReference Database="[tpc_ds_100gb]" Schema="[dbo]" Table="[store]" Column="s_store_sk"/><ColumnReference Database="[tpc_ds_100gb]" Schema="[dbo]" Table="[store]" Column="s_store_id"/><ColumnReference Database="[tpc_ds_100gb]" Schema="[dbo]" Table="[store]" Column="s_store_name"/><ColumnReference Database="[tpc_ds_100gb]" Schema="[dbo]" Table="[store]" Column="s_gmt_offset"/></OutputList><Parallelism PartitioningType="Hash"><PartitionColumns><ColumnReference Database="[tpc_ds_100gb]" Schema="[dbo]" Table="[store]" Column="s_store_sk"/></PartitionColumns><RelOp NodeId="6" PhysicalOp="Clustered Index Scan" LogicalOp="Clustered Index Scan" EstimateRows="402" EstimateIO="0.0142361" EstimateCPU="0.0001498" AvgRowSize="61" EstimatedTotalSubtreeCost="0.0143859" TableCardinality="402" Parallel="1" EstimateRebinds="0" EstimateRewinds="0"><OutputList><ColumnReference Database="[tpc_ds_100gb]" Schema="[dbo]" Table="[store]" Column="s_store_sk"/><ColumnReference Database="[tpc_ds_100gb]" Schema="[dbo]" Table="[store]" Column="s_store_id"/><ColumnReference Database="[tpc_ds_100gb]" Schema="[dbo]" Table="[store]" Column="s_store_name"/><ColumnReference Database="[tpc_ds_100gb]" Schema="[dbo]" Table="[store]" Column="s_gmt_offset"/></OutputList><IndexScan Ordered="0" ForcedIndex="0" NoExpandHint="0"><DefinedValues><DefinedValue><ColumnReference Database="[tpc_ds_100gb]" Schema="[dbo]" Table="[store]" Column="s_store_sk"/></DefinedValue><DefinedValue><ColumnReference Database="[tpc_ds_100gb]" Schema="[dbo]" Table="[store]" Column="s_store_id"/></DefinedValue><DefinedValue><ColumnReference Database="[tpc_ds_100gb]" Schema="[dbo]" Table="[store]" Column="s_store_name"/></DefinedValue><DefinedValue><ColumnReference Database="[tpc_ds_100gb]" Schema="[dbo]" Table="[store]" Column="s_gmt_offset"/></DefinedValue></DefinedValues><Object Database="[tpc_ds_100gb]" Schema="[dbo]" Table="[store]" Index="[PK__store__3F0F6BC522AA2996]" IndexKind="Clustered"/></IndexScan></RelOp></Parallelism></RelOp><RelOp NodeId="8" PhysicalOp="Compute Scalar" LogicalOp="Compute Scalar" EstimateRows="37017.7" EstimateIO="0" EstimateCPU="0.000925443" AvgRowSize="135" EstimatedTotalSubtreeCost="4738.43" Parallel="1" EstimateRebinds="0" EstimateRewinds="0"><OutputList><ColumnReference Database="[tpc_ds_100gb]" Schema="[dbo]" Table="[date_dim]" Column="d_year"/><ColumnReference Database="[tpc_ds_100gb]" Schema="[dbo]" Table="[store_sales]" Column="ss_store_sk"/><ColumnReference Column="Expr1009"/><ColumnReference Column="Expr1010"/><ColumnReference Column="Expr1011"/><ColumnReference Column="Expr1012"/><ColumnReference Column="Expr1013"/><ColumnReference Column="Expr1014"/><ColumnReference Column="Expr1015"/></OutputList><ComputeScalar><DefinedValues><DefinedValue><ColumnReference Column="Expr1009"/><ScalarOperator ScalarString="CASE WHEN [globalagg1020]=(0) THEN NULL ELSE [globalagg1022] END"><IF><Condition><ScalarOperator><Compare CompareOp="EQ"><ScalarOperator><Identifier><ColumnReference Column="globalagg1020"/></Identifier></ScalarOperator><ScalarOperator><Const ConstValue="(0)"/></ScalarOperator></Compare></ScalarOperator></Condition><Then><ScalarOperator><Const ConstValue="NULL"/></ScalarOperator></Then><Else><ScalarOperator><Identifier><ColumnReference Column="globalagg1022"/></Identifier></ScalarOperator></Else></IF></ScalarOperator></DefinedValue><DefinedValue><ColumnReference Column="Expr1010"/><ScalarOperator ScalarString="CASE WHEN [globalagg1024]=(0) THEN NULL ELSE [globalagg1026] END"><IF><Condition><ScalarOperator><Compare CompareOp="EQ"><ScalarOperator><Identifier><ColumnReference Column="globalagg1024"/></Identifier></ScalarOperator><ScalarOperator><Const ConstValue="(0)"/></ScalarOperator></Compare></ScalarOperator></Condition><Then><ScalarOperator><Const ConstValue="NULL"/></ScalarOperator></Then><Else><ScalarOperator><Identifier><ColumnReference Column="globalagg1026"/></Identifier></ScalarOperator></Else></IF></ScalarOperator></DefinedValue><DefinedValue><ColumnReference Column="Expr1011"/><ScalarOperator ScalarString="CASE WHEN [globalagg1028]=(0) THEN NULL ELSE [globalagg1030] END"><IF><Condition><ScalarOperator><Compare CompareOp="EQ"><ScalarOperator><Identifier><ColumnReference Column="globalagg1028"/></Identifier></ScalarOperator><ScalarOperator><Const ConstValue="(0)"/></ScalarOperator></Compare></ScalarOperator></Condition><Then><ScalarOperator><Const ConstValue="NULL"/></ScalarOperator></Then><Else><ScalarOperator><Identifier><ColumnReference Column="globalagg1030"/></Identifier></ScalarOperator></Else></IF></ScalarOperator></DefinedValue><DefinedValue><ColumnReference Column="Expr1012"/><ScalarOperator ScalarString="CASE WHEN [globalagg1032]=(0) THEN NULL ELSE [globalagg1034] END"><IF><Condition><ScalarOperator><Compare CompareOp="EQ"><ScalarOperator><Identifier><ColumnReference Column="globalagg1032"/></Identifier></ScalarOperator><ScalarOperator><Const ConstValue="(0)"/></ScalarOperator></Compare></ScalarOperator></Condition><Then><ScalarOperator><Const ConstValue="NULL"/></ScalarOperator></Then><Else><ScalarOperator><Identifier><ColumnReference Column="globalagg1034"/></Identifier></ScalarOperator></Else></IF></ScalarOperator></DefinedValue><DefinedValue><ColumnReference Column="Expr1013"/><ScalarOperator ScalarString="CASE WHEN [globalagg1036]=(0) THEN NULL ELSE [globalagg1038] END"><IF><Condition><ScalarOperator><Compare CompareOp="EQ"><ScalarOperator><Identifier><ColumnReference Column="globalagg1036"/></Identifier></ScalarOperator><ScalarOperator><Const ConstValue="(0)"/></ScalarOperator></Compare></ScalarOperator></Condition><Then><ScalarOperator><Const ConstValue="NULL"/></ScalarOperator></Then><Else><ScalarOperator><Identifier><ColumnReference Column="globalagg1038"/></Identifier></ScalarOperator></Else></IF></ScalarOperator></DefinedValue><DefinedValue><ColumnReference Column="Expr1014"/><ScalarOperator ScalarString="CASE WHEN [globalagg1040]=(0) THEN NULL ELSE [globalagg1042] END"><IF><Condition><ScalarOperator><Compare CompareOp="EQ"><ScalarOperator><Identifier><ColumnReference Column="globalagg1040"/></Identifier></ScalarOperator><ScalarOperator><Const ConstValue="(0)"/></ScalarOperator></Compare></ScalarOperator></Condition><Then><ScalarOperator><Const ConstValue="NULL"/></ScalarOperator></Then><Else><ScalarOperator><Identifier><ColumnReference Column="globalagg1042"/></Identifier></ScalarOperator></Else></IF></ScalarOperator></DefinedValue><DefinedValue><ColumnReference Column="Expr1015"/><ScalarOperator ScalarString="CASE WHEN [globalagg1044]=(0) THEN NULL ELSE [globalagg1046] END"><IF><Condition><ScalarOperator><Compare CompareOp="EQ"><ScalarOperator><Identifier><ColumnReference Column="globalagg1044"/></Identifier></ScalarOperator><ScalarOperator><Const ConstValue="(0)"/></ScalarOperator></Compare></ScalarOperator></Condition><Then><ScalarOperator><Const ConstValue="NULL"/></ScalarOperator></Then><Else><ScalarOperator><Identifier><ColumnReference Column="globalagg1046"/></Identifier></ScalarOperator></Else></IF></ScalarOperator></DefinedValue></DefinedValues><RelOp NodeId="9" PhysicalOp="Parallelism" LogicalOp="Repartition Streams" EstimateRows="37017.7" EstimateIO="0" EstimateCPU="0.232664" AvgRowSize="191" EstimatedTotalSubtreeCost="4738.43" Parallel="1" EstimateRebinds="0" EstimateRewinds="0"><OutputList><ColumnReference Database="[tpc_ds_100gb]" Schema="[dbo]" Table="[date_dim]" Column="d_year"/><ColumnReference Database="[tpc_ds_100gb]" Schema="[dbo]" Table="[store_sales]" Column="ss_store_sk"/><ColumnReference Column="globalagg1020"/><ColumnReference Column="globalagg1022"/><ColumnReference Column="globalagg1024"/><ColumnReference Column="globalagg1026"/><ColumnReference Column="globalagg1028"/><ColumnReference Column="globalagg1030"/><ColumnReference Column="globalagg1032"/><ColumnReference Column="globalagg1034"/><ColumnReference Column="globalagg1036"/><ColumnReference Column="globalagg1038"/><ColumnReference Column="globalagg1040"/><ColumnReference Column="globalagg1042"/><ColumnReference Column="globalagg1044"/><ColumnReference Column="globalagg1046"/></OutputList><Parallelism PartitioningType="Hash"><PartitionColumns><ColumnReference Database="[tpc_ds_100gb]" Schema="[dbo]" Table="[store_sales]" Column="ss_store_sk"/></PartitionColumns><RelOp NodeId="10" PhysicalOp="Hash Match" LogicalOp="Aggregate" EstimateRows="37017.7" EstimateIO="0" EstimateCPU="1.59" AvgRowSize="191" EstimatedTotalSubtreeCost="4738.2" Parallel="1" EstimateRebinds="0" EstimateRewinds="0"><OutputList><ColumnReference Database="[tpc_ds_100gb]" Schema="[dbo]" Table="[date_dim]" Column="d_year"/><ColumnReference Database="[tpc_ds_100gb]" Schema="[dbo]" Table="[store_sales]" Column="ss_store_sk"/><ColumnReference Column="globalagg1020"/><ColumnReference Column="globalagg1022"/><ColumnReference Column="globalagg1024"/><ColumnReference Column="globalagg1026"/><ColumnReference Column="globalagg1028"/><ColumnReference Column="globalagg1030"/><ColumnReference Column="globalagg1032"/><ColumnReference Column="globalagg1034"/><ColumnReference Column="globalagg1036"/><ColumnReference Column="globalagg1038"/><ColumnReference Column="globalagg1040"/><ColumnReference Column="globalagg1042"/><ColumnReference Column="globalagg1044"/><ColumnReference Column="globalagg1046"/></OutputList><MemoryFractions Input="0.0607218" Output="0.999242"/><Hash><DefinedValues><DefinedValue><ColumnReference Column="globalagg1020"/><ScalarOperator ScalarString="SUM([partialagg1019])"><Aggregate Distinct="0" AggType="SUM"><ScalarOperator><Identifier><ColumnReference Column="partialagg1019"/></Identifier></ScalarOperator></Aggregate></ScalarOperator></DefinedValue><DefinedValue><ColumnReference Column="globalagg1022"/><ScalarOperator ScalarString="SUM([partialagg1021])"><Aggregate Distinct="0" AggType="SUM"><ScalarOperator><Identifier><ColumnReference Column="partialagg1021"/></Identifier></ScalarOperator></Aggregate></ScalarOperator></DefinedValue><DefinedValue><ColumnReference Column="globalagg1024"/><ScalarOperator ScalarString="SUM([partialagg1023])"><Aggregate Distinct="0" AggType="SUM"><ScalarOperator><Identifier><ColumnReference Column="partialagg1023"/></Identifier></ScalarOperator></Aggregate></ScalarOperator></DefinedValue><DefinedValue><ColumnReference Column="globalagg1026"/><ScalarOperator ScalarString="SUM([partialagg1025])"><Aggregate Distinct="0" AggType="SUM"><ScalarOperator><Identifier><ColumnReference Column="partialagg1025"/></Identifier></ScalarOperator></Aggregate></ScalarOperator></DefinedValue><DefinedValue><ColumnReference Column="globalagg1028"/><ScalarOperator ScalarString="SUM([partialagg1027])"><Aggregate Distinct="0" AggType="SUM"><ScalarOperator><Identifier><ColumnReference Column="partialagg1027"/></Identifier></ScalarOperator></Aggregate></ScalarOperator></DefinedValue><DefinedValue><ColumnReference Column="globalagg1030"/><ScalarOperator ScalarString="SUM([partialagg1029])"><Aggregate Distinct="0" AggType="SUM"><ScalarOperator><Identifier><ColumnReference Column="partialagg1029"/></Identifier></ScalarOperator></Aggregate></ScalarOperator></DefinedValue><DefinedValue><ColumnReference Column="globalagg1032"/><ScalarOperator ScalarString="SUM([partialagg1031])"><Aggregate Distinct="0" AggType="SUM"><ScalarOperator><Identifier><ColumnReference Column="partialagg1031"/></Identifier></ScalarOperator></Aggregate></ScalarOperator></DefinedValue><DefinedValue><ColumnReference Column="globalagg1034"/><ScalarOperator ScalarString="SUM([partialagg1033])"><Aggregate Distinct="0" AggType="SUM"><ScalarOperator><Identifier><ColumnReference Column="partialagg1033"/></Identifier></ScalarOperator></Aggregate></ScalarOperator></DefinedValue><DefinedValue><ColumnReference Column="globalagg1036"/><ScalarOperator ScalarString="SUM([partialagg1035])"><Aggregate Distinct="0" AggType="SUM"><ScalarOperator><Identifier><ColumnReference Column="partialagg1035"/></Identifier></ScalarOperator></Aggregate></ScalarOperator></DefinedValue><DefinedValue><ColumnReference Column="globalagg1038"/><ScalarOperator ScalarString="SUM([partialagg1037])"><Aggregate Distinct="0" AggType="SUM"><ScalarOperator><Identifier><ColumnReference Column="partialagg1037"/></Identifier></ScalarOperator></Aggregate></ScalarOperator></DefinedValue><DefinedValue><ColumnReference Column="globalagg1040"/><ScalarOperator ScalarString="SUM([partialagg1039])"><Aggregate Distinct="0" AggType="SUM"><ScalarOperator><Identifier><ColumnReference Column="partialagg1039"/></Identifier></ScalarOperator></Aggregate></ScalarOperator></DefinedValue><DefinedValue><ColumnReference Column="globalagg1042"/><ScalarOperator ScalarString="SUM([partialagg1041])"><Aggregate Distinct="0" AggType="SUM"><ScalarOperator><Identifier><ColumnReference Column="partialagg1041"/></Identifier></ScalarOperator></Aggregate></ScalarOperator></DefinedValue><DefinedValue><ColumnReference Column="globalagg1044"/><ScalarOperator ScalarString="SUM([partialagg1043])"><Aggregate Distinct="0" AggType="SUM"><ScalarOperator><Identifier><ColumnReference Column="partialagg1043"/></Identifier></ScalarOperator></Aggregate></ScalarOperator></DefinedValue><DefinedValue><ColumnReference Column="globalagg1046"/><ScalarOperator ScalarString="SUM([partialagg1045])"><Aggregate Distinct="0" AggType="SUM"><ScalarOperator><Identifier><ColumnReference Column="partialagg1045"/></Identifier></ScalarOperator></Aggregate></ScalarOperator></DefinedValue></DefinedValues><HashKeysBuild><ColumnReference Database="[tpc_ds_100gb]" Schema="[dbo]" Table="[date_dim]" Column="d_year"/><ColumnReference Database="[tpc_ds_100gb]" Schema="[dbo]" Table="[store_sales]" Column="ss_store_sk"/></HashKeysBuild><BuildResidual><ScalarOperator ScalarString="[tpc_ds_100gb].[dbo].[date_dim].[d_year] = [tpc_ds_100gb].[dbo].[date_dim].[d_year] AND [tpc_ds_100gb].[dbo].[store_sales].[ss_store_sk] = [tpc_ds_100gb].[dbo].[store_sales].[ss_store_sk]"><Logical Operation="AND"><ScalarOperator><Compare CompareOp="IS"><ScalarOperator><Identifier><ColumnReference Database="[tpc_ds_100gb]" Schema="[dbo]" Table="[date_dim]" Column="d_year"/></Identifier></ScalarOperator><ScalarOperator><Identifier><ColumnReference Database="[tpc_ds_100gb]" Schema="[dbo]" Table="[date_dim]" Column="d_year"/></Identifier></ScalarOperator></Compare></ScalarOperator><ScalarOperator><Compare CompareOp="IS"><ScalarOperator><Identifier><ColumnReference Database="[tpc_ds_100gb]" Schema="[dbo]" Table="[store_sales]" Column="ss_store_sk"/></Identifier></ScalarOperator><ScalarOperator><Identifier><ColumnReference Database="[tpc_ds_100gb]" Schema="[dbo]" Table="[store_sales]" Column="ss_store_sk"/></Identifier></ScalarOperator></Compare></ScalarOperator></Logical></ScalarOperator></BuildResidual><RelOp NodeId="11" PhysicalOp="Parallelism" LogicalOp="Repartition Streams" EstimateRows="148071" EstimateIO="0" EstimateCPU="0.85443" AvgRowSize="191" EstimatedTotalSubtreeCost="4736.61" Parallel="1" EstimateRebinds="0" EstimateRewinds="0"><OutputList><ColumnReference Database="[tpc_ds_100gb]" Schema="[dbo]" Table="[date_dim]" Column="d_year"/><ColumnReference Database="[tpc_ds_100gb]" Schema="[dbo]" Table="[store_sales]" Column="ss_store_sk"/><ColumnReference Column="partialagg1019"/><ColumnReference Column="partialagg1021"/><ColumnReference Column="partialagg1023"/><ColumnReference Column="partialagg1025"/><ColumnReference Column="partialagg1027"/><ColumnReference Column="partialagg1029"/><ColumnReference Column="partialagg1031"/><ColumnReference Column="partialagg1033"/><ColumnReference Column="partialagg1035"/><ColumnReference Column="partialagg1037"/><ColumnReference Column="partialagg1039"/><ColumnReference Column="partialagg1041"/><ColumnReference Column="partialagg1043"/><ColumnReference Column="partialagg1045"/></OutputList><Parallelism PartitioningType="Hash"><PartitionColumns><ColumnReference Database="[tpc_ds_100gb]" Schema="[dbo]" Table="[date_dim]" Column="d_year"/><ColumnReference Database="[tpc_ds_100gb]" Schema="[dbo]" Table="[store_sales]" Column="ss_store_sk"/></PartitionColumns><RelOp NodeId="12" PhysicalOp="Hash Match" LogicalOp="Partial Aggregate" EstimateRows="148071" EstimateIO="0" EstimateCPU="489.806" AvgRowSize="191" EstimatedTotalSubtreeCost="4735.75" Parallel="1" EstimateRebinds="0" EstimateRewinds="0"><OutputList><ColumnReference Database="[tpc_ds_100gb]" Schema="[dbo]" Table="[date_dim]" Column="d_year"/><ColumnReference Database="[tpc_ds_100gb]" Schema="[dbo]" Table="[store_sales]" Column="ss_store_sk"/><ColumnReference Column="partialagg1019"/><ColumnReference Column="partialagg1021"/><ColumnReference Column="partialagg1023"/><ColumnReference Column="partialagg1025"/><ColumnReference Column="partialagg1027"/><ColumnReference Column="partialagg1029"/><ColumnReference Column="partialagg1031"/><ColumnReference Column="partialagg1033"/><ColumnReference Column="partialagg1035"/><ColumnReference Column="partialagg1037"/><ColumnReference Column="partialagg1039"/><ColumnReference Column="partialagg1041"/><ColumnReference Column="partialagg1043"/><ColumnReference Column="partialagg1045"/></OutputList><MemoryFractions Input="0" Output="0"/><Hash><DefinedValues><DefinedValue><ColumnReference Column="partialagg1019"/><ScalarOperator ScalarString="COUNT_BIG(CASE WHEN [tpc_ds_100gb].[dbo].[date_dim].[d_day_name]=&apos;sunday&apos; THEN [tpc_ds_100gb].[dbo].[store_sales].[ss_sales_price] ELSE NULL END)"><Aggregate Distinct="0" AggType="COUNT_BIG"><ScalarOperator><IF><Condition><ScalarOperator><Compare CompareOp="EQ"><ScalarOperator><Identifier><ColumnReference Database="[tpc_ds_100gb]" Schema="[dbo]" Table="[date_dim]" Column="d_day_name"/></Identifier></ScalarOperator><ScalarOperator><Const ConstValue="&apos;sunday&apos;"/></ScalarOperator></Compare></ScalarOperator></Condition><Then><ScalarOperator><Identifier><ColumnReference Database="[tpc_ds_100gb]" Schema="[dbo]" Table="[store_sales]" Column="ss_sales_price"/></Identifier></ScalarOperator></Then><Else><ScalarOperator><Const ConstValue="NULL"/></ScalarOperator></Else></IF></ScalarOperator></Aggregate></ScalarOperator></DefinedValue><DefinedValue><ColumnReference Column="partialagg1021"/><ScalarOperator ScalarString="SUM(CASE WHEN [tpc_ds_100gb].[dbo].[date_dim].[d_day_name]=&apos;sunday&apos; THEN [tpc_ds_100gb].[dbo].[store_sales].[ss_sales_price] ELSE NULL END)"><Aggregate Distinct="0" AggType="SUM"><ScalarOperator><IF><Condition><ScalarOperator><Compare CompareOp="EQ"><ScalarOperator><Identifier><ColumnReference Database="[tpc_ds_100gb]" Schema="[dbo]" Table="[date_dim]" Column="d_day_name"/></Identifier></ScalarOperator><ScalarOperator><Const ConstValue="&apos;sunday&apos;"/></ScalarOperator></Compare></ScalarOperator></Condition><Then><ScalarOperator><Identifier><ColumnReference Database="[tpc_ds_100gb]" Schema="[dbo]" Table="[store_sales]" Column="ss_sales_price"/></Identifier></ScalarOperator></Then><Else><ScalarOperator><Const ConstValue="NULL"/></ScalarOperator></Else></IF></ScalarOperator></Aggregate></ScalarOperator></DefinedValue><DefinedValue><ColumnReference Column="partialagg1023"/><ScalarOperator ScalarString="COUNT_BIG(CASE WHEN [tpc_ds_100gb].[dbo].[date_dim].[d_day_name]=&apos;monday&apos; THEN [tpc_ds_100gb].[dbo].[store_sales].[ss_sales_price] ELSE NULL END)"><Aggregate Distinct="0" AggType="COUNT_BIG"><ScalarOperator><IF><Condition><ScalarOperator><Compare CompareOp="EQ"><ScalarOperator><Identifier><ColumnReference Database="[tpc_ds_100gb]" Schema="[dbo]" Table="[date_dim]" Column="d_day_name"/></Identifier></ScalarOperator><ScalarOperator><Const ConstValue="&apos;monday&apos;"/></ScalarOperator></Compare></ScalarOperator></Condition><Then><ScalarOperator><Identifier><ColumnReference Database="[tpc_ds_100gb]" Schema="[dbo]" Table="[store_sales]" Column="ss_sales_price"/></Identifier></ScalarOperator></Then><Else><ScalarOperator><Const ConstValue="NULL"/></ScalarOperator></Else></IF></ScalarOperator></Aggregate></ScalarOperator></DefinedValue><DefinedValue><ColumnReference Column="partialagg1025"/><ScalarOperator ScalarString="SUM(CASE WHEN [tpc_ds_100gb].[dbo].[date_dim].[d_day_name]=&apos;monday&apos; THEN [tpc_ds_100gb].[dbo].[store_sales].[ss_sales_price] ELSE NULL END)"><Aggregate Distinct="0" AggType="SUM"><ScalarOperator><IF><Condition><ScalarOperator><Compare CompareOp="EQ"><ScalarOperator><Identifier><ColumnReference Database="[tpc_ds_100gb]" Schema="[dbo]" Table="[date_dim]" Column="d_day_name"/></Identifier></ScalarOperator><ScalarOperator><Const ConstValue="&apos;monday&apos;"/></ScalarOperator></Compare></ScalarOperator></Condition><Then><ScalarOperator><Identifier><ColumnReference Database="[tpc_ds_100gb]" Schema="[dbo]" Table="[store_sales]" Column="ss_sales_price"/></Identifier></ScalarOperator></Then><Else><ScalarOperator><Const ConstValue="NULL"/></ScalarOperator></Else></IF></ScalarOperator></Aggregate></ScalarOperator></DefinedValue><DefinedValue><ColumnReference Column="partialagg1027"/><ScalarOperator ScalarString="COUNT_BIG(CASE WHEN [tpc_ds_100gb].[dbo].[date_dim].[d_day_name]=&apos;tuesday&apos; THEN [tpc_ds_100gb].[dbo].[store_sales].[ss_sales_price] ELSE NULL END)"><Aggregate Distinct="0" AggType="COUNT_BIG"><ScalarOperator><IF><Condition><ScalarOperator><Compare CompareOp="EQ"><ScalarOperator><Identifier><ColumnReference Database="[tpc_ds_100gb]" Schema="[dbo]" Table="[date_dim]" Column="d_day_name"/></Identifier></ScalarOperator><ScalarOperator><Const ConstValue="&apos;tuesday&apos;"/></ScalarOperator></Compare></ScalarOperator></Condition><Then><ScalarOperator><Identifier><ColumnReference Database="[tpc_ds_100gb]" Schema="[dbo]" Table="[store_sales]" Column="ss_sales_price"/></Identifier></ScalarOperator></Then><Else><ScalarOperator><Const ConstValue="NULL"/></ScalarOperator></Else></IF></ScalarOperator></Aggregate></ScalarOperator></DefinedValue><DefinedValue><ColumnReference Column="partialagg1029"/><ScalarOperator ScalarString="SUM(CASE WHEN [tpc_ds_100gb].[dbo].[date_dim].[d_day_name]=&apos;tuesday&apos; THEN [tpc_ds_100gb].[dbo].[store_sales].[ss_sales_price] ELSE NULL END)"><Aggregate Distinct="0" AggType="SUM"><ScalarOperator><IF><Condition><ScalarOperator><Compare CompareOp="EQ"><ScalarOperator><Identifier><ColumnReference Database="[tpc_ds_100gb]" Schema="[dbo]" Table="[date_dim]" Column="d_day_name"/></Identifier></ScalarOperator><ScalarOperator><Const ConstValue="&apos;tuesday&apos;"/></ScalarOperator></Compare></ScalarOperator></Condition><Then><ScalarOperator><Identifier><ColumnReference Database="[tpc_ds_100gb]" Schema="[dbo]" Table="[store_sales]" Column="ss_sales_price"/></Identifier></ScalarOperator></Then><Else><ScalarOperator><Const ConstValue="NULL"/></ScalarOperator></Else></IF></ScalarOperator></Aggregate></ScalarOperator></DefinedValue><DefinedValue><ColumnReference Column="partialagg1031"/><ScalarOperator ScalarString="COUNT_BIG(CASE WHEN [tpc_ds_100gb].[dbo].[date_dim].[d_day_name]=&apos;wednesday&apos; THEN [tpc_ds_100gb].[dbo].[store_sales].[ss_sales_price] ELSE NULL END)"><Aggregate Distinct="0" AggType="COUNT_BIG"><ScalarOperator><IF><Condition><ScalarOperator><Compare CompareOp="EQ"><ScalarOperator><Identifier><ColumnReference Database="[tpc_ds_100gb]" Schema="[dbo]" Table="[date_dim]" Column="d_day_name"/></Identifier></ScalarOperator><ScalarOperator><Const ConstValue="&apos;wednesday&apos;"/></ScalarOperator></Compare></ScalarOperator></Condition><Then><ScalarOperator><Identifier><ColumnReference Database="[tpc_ds_100gb]" Schema="[dbo]" Table="[store_sales]" Column="ss_sales_price"/></Identifier></ScalarOperator></Then><Else><ScalarOperator><Const ConstValue="NULL"/></ScalarOperator></Else></IF></ScalarOperator></Aggregate></ScalarOperator></DefinedValue><DefinedValue><ColumnReference Column="partialagg1033"/><ScalarOperator ScalarString="SUM(CASE WHEN [tpc_ds_100gb].[dbo].[date_dim].[d_day_name]=&apos;wednesday&apos; THEN [tpc_ds_100gb].[dbo].[store_sales].[ss_sales_price] ELSE NULL END)"><Aggregate Distinct="0" AggType="SUM"><ScalarOperator><IF><Condition><ScalarOperator><Compare CompareOp="EQ"><ScalarOperator><Identifier><ColumnReference Database="[tpc_ds_100gb]" Schema="[dbo]" Table="[date_dim]" Column="d_day_name"/></Identifier></ScalarOperator><ScalarOperator><Const ConstValue="&apos;wednesday&apos;"/></ScalarOperator></Compare></ScalarOperator></Condition><Then><ScalarOperator><Identifier><ColumnReference Database="[tpc_ds_100gb]" Schema="[dbo]" Table="[store_sales]" Column="ss_sales_price"/></Identifier></ScalarOperator></Then><Else><ScalarOperator><Const ConstValue="NULL"/></ScalarOperator></Else></IF></ScalarOperator></Aggregate></ScalarOperator></DefinedValue><DefinedValue><ColumnReference Column="partialagg1035"/><ScalarOperator ScalarString="COUNT_BIG(CASE WHEN [tpc_ds_100gb].[dbo].[date_dim].[d_day_name]=&apos;thursday&apos; THEN [tpc_ds_100gb].[dbo].[store_sales].[ss_sales_price] ELSE NULL END)"><Aggregate Distinct="0" AggType="COUNT_BIG"><ScalarOperator><IF><Condition><ScalarOperator><Compare CompareOp="EQ"><ScalarOperator><Identifier><ColumnReference Database="[tpc_ds_100gb]" Schema="[dbo]" Table="[date_dim]" Column="d_day_name"/></Identifier></ScalarOperator><ScalarOperator><Const ConstValue="&apos;thursday&apos;"/></ScalarOperator></Compare></ScalarOperator></Condition><Then><ScalarOperator><Identifier><ColumnReference Database="[tpc_ds_100gb]" Schema="[dbo]" Table="[store_sales]" Column="ss_sales_price"/></Identifier></ScalarOperator></Then><Else><ScalarOperator><Const ConstValue="NULL"/></ScalarOperator></Else></IF></ScalarOperator></Aggregate></ScalarOperator></DefinedValue><DefinedValue><ColumnReference Column="partialagg1037"/><ScalarOperator ScalarString="SUM(CASE WHEN [tpc_ds_100gb].[dbo].[date_dim].[d_day_name]=&apos;thursday&apos; THEN [tpc_ds_100gb].[dbo].[store_sales].[ss_sales_price] ELSE NULL END)"><Aggregate Distinct="0" AggType="SUM"><ScalarOperator><IF><Condition><ScalarOperator><Compare CompareOp="EQ"><ScalarOperator><Identifier><ColumnReference Database="[tpc_ds_100gb]" Schema="[dbo]" Table="[date_dim]" Column="d_day_name"/></Identifier></ScalarOperator><ScalarOperator><Const ConstValue="&apos;thursday&apos;"/></ScalarOperator></Compare></ScalarOperator></Condition><Then><ScalarOperator><Identifier><ColumnReference Database="[tpc_ds_100gb]" Schema="[dbo]" Table="[store_sales]" Column="ss_sales_price"/></Identifier></ScalarOperator></Then><Else><ScalarOperator><Const ConstValue="NULL"/></ScalarOperator></Else></IF></ScalarOperator></Aggregate></ScalarOperator></DefinedValue><DefinedValue><ColumnReference Column="partialagg1039"/><ScalarOperator ScalarString="COUNT_BIG(CASE WHEN [tpc_ds_100gb].[dbo].[date_dim].[d_day_name]=&apos;friday&apos; THEN [tpc_ds_100gb].[dbo].[store_sales].[ss_sales_price] ELSE NULL END)"><Aggregate Distinct="0" AggType="COUNT_BIG"><ScalarOperator><IF><Condition><ScalarOperator><Compare CompareOp="EQ"><ScalarOperator><Identifier><ColumnReference Database="[tpc_ds_100gb]" Schema="[dbo]" Table="[date_dim]" Column="d_day_name"/></Identifier></ScalarOperator><ScalarOperator><Const ConstValue="&apos;friday&apos;"/></ScalarOperator></Compare></ScalarOperator></Condition><Then><ScalarOperator><Identifier><ColumnReference Database="[tpc_ds_100gb]" Schema="[dbo]" Table="[store_sales]" Column="ss_sales_price"/></Identifier></ScalarOperator></Then><Else><ScalarOperator><Const ConstValue="NULL"/></ScalarOperator></Else></IF></ScalarOperator></Aggregate></ScalarOperator></DefinedValue><DefinedValue><ColumnReference Column="partialagg1041"/><ScalarOperator ScalarString="SUM(CASE WHEN [tpc_ds_100gb].[dbo].[date_dim].[d_day_name]=&apos;friday&apos; THEN [tpc_ds_100gb].[dbo].[store_sales].[ss_sales_price] ELSE NULL END)"><Aggregate Distinct="0" AggType="SUM"><ScalarOperator><IF><Condition><ScalarOperator><Compare CompareOp="EQ"><ScalarOperator><Identifier><ColumnReference Database="[tpc_ds_100gb]" Schema="[dbo]" Table="[date_dim]" Column="d_day_name"/></Identifier></ScalarOperator><ScalarOperator><Const ConstValue="&apos;friday&apos;"/></ScalarOperator></Compare></ScalarOperator></Condition><Then><ScalarOperator><Identifier><ColumnReference Database="[tpc_ds_100gb]" Schema="[dbo]" Table="[store_sales]" Column="ss_sales_price"/></Identifier></ScalarOperator></Then><Else><ScalarOperator><Const ConstValue="NULL"/></ScalarOperator></Else></IF></ScalarOperator></Aggregate></ScalarOperator></DefinedValue><DefinedValue><ColumnReference Column="partialagg1043"/><ScalarOperator ScalarString="COUNT_BIG(CASE WHEN [tpc_ds_100gb].[dbo].[date_dim].[d_day_name]=&apos;saturday&apos; THEN [tpc_ds_100gb].[dbo].[store_sales].[ss_sales_price] ELSE NULL END)"><Aggregate Distinct="0" AggType="COUNT_BIG"><ScalarOperator><IF><Condition><ScalarOperator><Compare CompareOp="EQ"><ScalarOperator><Identifier><ColumnReference Database="[tpc_ds_100gb]" Schema="[dbo]" Table="[date_dim]" Column="d_day_name"/></Identifier></ScalarOperator><ScalarOperator><Const ConstValue="&apos;saturday&apos;"/></ScalarOperator></Compare></ScalarOperator></Condition><Then><ScalarOperator><Identifier><ColumnReference Database="[tpc_ds_100gb]" Schema="[dbo]" Table="[store_sales]" Column="ss_sales_price"/></Identifier></ScalarOperator></Then><Else><ScalarOperator><Const ConstValue="NULL"/></ScalarOperator></Else></IF></ScalarOperator></Aggregate></ScalarOperator></DefinedValue><DefinedValue><ColumnReference Column="partialagg1045"/><ScalarOperator ScalarString="SUM(CASE WHEN [tpc_ds_100gb].[dbo].[date_dim].[d_day_name]=&apos;saturday&apos; THEN [tpc_ds_100gb].[dbo].[store_sales].[ss_sales_price] ELSE NULL END)"><Aggregate Distinct="0" AggType="SUM"><ScalarOperator><IF><Condition><ScalarOperator><Compare CompareOp="EQ"><ScalarOperator><Identifier><ColumnReference Database="[tpc_ds_100gb]" Schema="[dbo]" Table="[date_dim]" Column="d_day_name"/></Identifier></ScalarOperator><ScalarOperator><Const ConstValue="&apos;saturday&apos;"/></ScalarOperator></Compare></ScalarOperator></Condition><Then><ScalarOperator><Identifier><ColumnReference Database="[tpc_ds_100gb]" Schema="[dbo]" Table="[store_sales]" Column="ss_sales_price"/></Identifier></ScalarOperator></Then><Else><ScalarOperator><Const ConstValue="NULL"/></ScalarOperator></Else></IF></ScalarOperator></Aggregate></ScalarOperator></DefinedValue></DefinedValues><HashKeysBuild><ColumnReference Database="[tpc_ds_100gb]" Schema="[dbo]" Table="[date_dim]" Column="d_year"/><ColumnReference Database="[tpc_ds_100gb]" Schema="[dbo]" Table="[store_sales]" Column="ss_store_sk"/></HashKeysBuild><BuildResidual><ScalarOperator ScalarString="[tpc_ds_100gb].[dbo].[date_dim].[d_year] = [tpc_ds_100gb].[dbo].[date_dim].[d_year] AND [tpc_ds_100gb].[dbo].[store_sales].[ss_store_sk] = [tpc_ds_100gb].[dbo].[store_sales].[ss_store_sk]"><Logical Operation="AND"><ScalarOperator><Compare CompareOp="IS"><ScalarOperator><Identifier><ColumnReference Database="[tpc_ds_100gb]" Schema="[dbo]" Table="[date_dim]" Column="d_year"/></Identifier></ScalarOperator><ScalarOperator><Identifier><ColumnReference Database="[tpc_ds_100gb]" Schema="[dbo]" Table="[date_dim]" Column="d_year"/></Identifier></ScalarOperator></Compare></ScalarOperator><ScalarOperator><Compare CompareOp="IS"><ScalarOperator><Identifier><ColumnReference Database="[tpc_ds_100gb]" Schema="[dbo]" Table="[store_sales]" Column="ss_store_sk"/></Identifier></ScalarOperator><ScalarOperator><Identifier><ColumnReference Database="[tpc_ds_100gb]" Schema="[dbo]" Table="[store_sales]" Column="ss_store_sk"/></Identifier></ScalarOperator></Compare></ScalarOperator></Logical></ScalarOperator></BuildResidual><RelOp NodeId="13" PhysicalOp="Hash Match" LogicalOp="Inner Join" EstimateRows="2.75007e+008" EstimateIO="0" EstimateCPU="831.414" AvgRowSize="29" EstimatedTotalSubtreeCost="4245.95" Parallel="1" EstimateRebinds="0" EstimateRewinds="0"><OutputList><ColumnReference Database="[tpc_ds_100gb]" Schema="[dbo]" Table="[date_dim]" Column="d_year"/><ColumnReference Database="[tpc_ds_100gb]" Schema="[dbo]" Table="[date_dim]" Column="d_day_name"/><ColumnReference Database="[tpc_ds_100gb]" Schema="[dbo]" Table="[store_sales]" Column="ss_store_sk"/><ColumnReference Database="[tpc_ds_100gb]" Schema="[dbo]" Table="[store_sales]" Column="ss_sales_price"/></OutputList><MemoryFractions Input="1" Output="0.939278"/><Hash><DefinedValues/><HashKeysBuild><ColumnReference Database="[tpc_ds_100gb]" Schema="[dbo]" Table="[date_dim]" Column="d_date_sk"/></HashKeysBuild><HashKeysProbe><ColumnReference Database="[tpc_ds_100gb]" Schema="[dbo]" Table="[store_sales]" Column="ss_sold_date_sk"/></HashKeysProbe><ProbeResidual><ScalarOperator ScalarString="[tpc_ds_100gb].[dbo].[date_dim].[d_date_sk]=[tpc_ds_100gb].[dbo].[store_sales].[ss_sold_date_sk]"><Compare CompareOp="EQ"><ScalarOperator><Identifier><ColumnReference Database="[tpc_ds_100gb]" Schema="[dbo]" Table="[date_dim]" Column="d_date_sk"/></Identifier></ScalarOperator><ScalarOperator><Identifier><ColumnReference Database="[tpc_ds_100gb]" Schema="[dbo]" Table="[store_sales]" Column="ss_sold_date_sk"/></Identifier></ScalarOperator></Compare></ScalarOperator></ProbeResidual><RelOp NodeId="14" PhysicalOp="Parallelism" LogicalOp="Repartition Streams" EstimateRows="73049" EstimateIO="0" EstimateCPU="0.106283" AvgRowSize="24" EstimatedTotalSubtreeCost="0.925092" Parallel="1" EstimateRebinds="0" EstimateRewinds="0"><OutputList><ColumnReference Database="[tpc_ds_100gb]" Schema="[dbo]" Table="[date_dim]" Column="d_date_sk"/><ColumnReference Database="[tpc_ds_100gb]" Schema="[dbo]" Table="[date_dim]" Column="d_year"/><ColumnReference Database="[tpc_ds_100gb]" Schema="[dbo]" Table="[date_dim]" Column="d_day_name"/></OutputList><Parallelism PartitioningType="Hash"><PartitionColumns><ColumnReference Database="[tpc_ds_100gb]" Schema="[dbo]" Table="[date_dim]" Column="d_date_sk"/></PartitionColumns><RelOp NodeId="15" PhysicalOp="Clustered Index Scan" LogicalOp="Clustered Index Scan" EstimateRows="73049" EstimateIO="0.798681" EstimateCPU="0.0201277" AvgRowSize="24" EstimatedTotalSubtreeCost="0.818808" TableCardinality="73049" Parallel="1" EstimateRebinds="0" EstimateRewinds="0"><OutputList><ColumnReference Database="[tpc_ds_100gb]" Schema="[dbo]" Table="[date_dim]" Column="d_date_sk"/><ColumnReference Database="[tpc_ds_100gb]" Schema="[dbo]" Table="[date_dim]" Column="d_year"/><ColumnReference Database="[tpc_ds_100gb]" Schema="[dbo]" Table="[date_dim]" Column="d_day_name"/></OutputList><IndexScan Ordered="0" ForcedIndex="0" NoExpandHint="0"><DefinedValues><DefinedValue><ColumnReference Database="[tpc_ds_100gb]" Schema="[dbo]" Table="[date_dim]" Column="d_date_sk"/></DefinedValue><DefinedValue><ColumnReference Database="[tpc_ds_100gb]" Schema="[dbo]" Table="[date_dim]" Column="d_year"/></DefinedValue><DefinedValue><ColumnReference Database="[tpc_ds_100gb]" Schema="[dbo]" Table="[date_dim]" Column="d_day_name"/></DefinedValue></DefinedValues><Object Database="[tpc_ds_100gb]" Schema="[dbo]" Table="[date_dim]" Index="[PK__date_dim__06A4A8B007F6335A]" IndexKind="Clustered"/></IndexScan></RelOp></Parallelism></RelOp><RelOp NodeId="16" PhysicalOp="Parallelism" LogicalOp="Repartition Streams" EstimateRows="2.87997e+008" EstimateIO="0" EstimateCPU="286.82" AvgRowSize="20" EstimatedTotalSubtreeCost="3413.61" Parallel="1" EstimateRebinds="0" EstimateRewinds="0"><OutputList><ColumnReference Database="[tpc_ds_100gb]" Schema="[dbo]" Table="[store_sales]" Column="ss_sold_date_sk"/><ColumnReference Database="[tpc_ds_100gb]" Schema="[dbo]" Table="[store_sales]" Column="ss_store_sk"/><ColumnReference Database="[tpc_ds_100gb]" Schema="[dbo]" Table="[store_sales]" Column="ss_sales_price"/></OutputList><Parallelism PartitioningType="Hash"><PartitionColumns><ColumnReference Database="[tpc_ds_100gb]" Schema="[dbo]" Table="[store_sales]" Column="ss_sold_date_sk"/></PartitionColumns><RelOp NodeId="17" PhysicalOp="Clustered Index Scan" LogicalOp="Clustered Index Scan" EstimateRows="2.87997e+008" EstimateIO="3047.59" EstimateCPU="79.1992" AvgRowSize="20" EstimatedTotalSubtreeCost="3126.79" TableCardinality="2.87997e+008" Parallel="1" EstimateRebinds="0" EstimateRewinds="0"><OutputList><ColumnReference Database="[tpc_ds_100gb]" Schema="[dbo]" Table="[store_sales]" Column="ss_sold_date_sk"/><ColumnReference Database="[tpc_ds_100gb]" Schema="[dbo]" Table="[store_sales]" Column="ss_store_sk"/><ColumnReference Database="[tpc_ds_100gb]" Schema="[dbo]" Table="[store_sales]" Column="ss_sales_price"/></OutputList><IndexScan Ordered="0" ForcedIndex="0" NoExpandHint="0"><DefinedValues><DefinedValue><ColumnReference Database="[tpc_ds_100gb]" Schema="[dbo]" Table="[store_sales]" Column="ss_sold_date_sk"/></DefinedValue><DefinedValue><ColumnReference Database="[tpc_ds_100gb]" Schema="[dbo]" Table="[store_sales]" Column="ss_store_sk"/></DefinedValue><DefinedValue><ColumnReference Database="[tpc_ds_100gb]" Schema="[dbo]" Table="[store_sales]" Column="ss_sales_price"/></DefinedValue></DefinedValues><Object Database="[tpc_ds_100gb]" Schema="[dbo]" Table="[store_sales]" Index="[PK__store_sa__89D185EE5812160E]" IndexKind="Clustered"/></IndexScan></RelOp></Parallelism></RelOp></Hash></RelOp></Hash></RelOp></Parallelism></RelOp></Hash></RelOp></Parallelism></RelOp></ComputeScalar></RelOp></Hash></RelOp></TopSort></RelOp></Parallelism></RelOp></Top></RelOp></QueryPlan></StmtSimple></Statements></Batch></BatchSequence></ShowPlanXML>